Crashlog created at 2014-01-09 19:07:01 +0800

===== MESSAGE:

Sass::SyntaxError: Invalid CSS after "... 255, 0.8) 62%)": expected "}", was ");"

===== COMPILATION STACK:

  - [item]   /css/style/ (rep default)

===== STACK TRACE:

  0. content/css/style.scss:66
  1. /Users/zhuangjianguo/.rvm/gems/ruby-2.0.0-p247/gems/sass-3.2.9/lib/sass/scss/parser.rb:1146:in `expected'
  2. /Users/zhuangjianguo/.rvm/gems/ruby-2.0.0-p247/gems/sass-3.2.9/lib/sass/scss/parser.rb:1084:in `expected'
  3. /Users/zhuangjianguo/.rvm/gems/ruby-2.0.0-p247/gems/sass-3.2.9/lib/sass/scss/parser.rb:1079:in `tok!'
  4. /Users/zhuangjianguo/.rvm/gems/ruby-2.0.0-p247/gems/sass-3.2.9/lib/sass/scss/parser.rb:536:in `block'
  5. /Users/zhuangjianguo/.rvm/gems/ruby-2.0.0-p247/gems/sass-3.2.9/lib/sass/scss/parser.rb:529:in `ruleset'
  6. /Users/zhuangjianguo/.rvm/gems/ruby-2.0.0-p247/gems/sass-3.2.9/lib/sass/scss/parser.rb:553:in `block_child'
  7. /Users/zhuangjianguo/.rvm/gems/ruby-2.0.0-p247/gems/sass-3.2.9/lib/sass/scss/parser.rb:546:in `block_contents'
  8. /Users/zhuangjianguo/.rvm/gems/ruby-2.0.0-p247/gems/sass-3.2.9/lib/sass/scss/parser.rb:82:in `stylesheet'
  9. /Users/zhuangjianguo/.rvm/gems/ruby-2.0.0-p247/gems/sass-3.2.9/lib/sass/scss/parser.rb:27:in `parse'
  10. /Users/zhuangjianguo/.rvm/gems/ruby-2.0.0-p247/gems/sass-3.2.9/lib/sass/engine.rb:342:in `_to_tree'
  11. /Users/zhuangjianguo/.rvm/gems/ruby-2.0.0-p247/gems/sass-3.2.9/lib/sass/engine.rb:315:in `_render'
  12. /Users/zhuangjianguo/.rvm/gems/ruby-2.0.0-p247/gems/sass-3.2.9/lib/sass/engine.rb:262:in `render'
  13. /Users/zhuangjianguo/.rvm/gems/ruby-2.0.0-p247/gems/nanoc-3.6.7/lib/nanoc/filters/sass.rb:20:in `run'
  14. /Users/zhuangjianguo/.rvm/gems/ruby-2.0.0-p247/gems/nanoc-3.6.7/lib/nanoc/base/compilation/filter.rb:122:in `setup_and_run'
  15. /Users/zhuangjianguo/.rvm/gems/ruby-2.0.0-p247/gems/nanoc-3.6.7/lib/nanoc/base/result_data/item_rep.rb:344:in `filter'
  16. /Users/zhuangjianguo/.rvm/gems/ruby-2.0.0-p247/gems/nanoc-3.6.7/lib/nanoc/base/compilation/item_rep_proxy.rb:47:in `filter'
  17. /Users/zhuangjianguo/.rvm/gems/ruby-2.0.0-p247/gems/nanoc-3.6.7/lib/nanoc/base/compilation/rule_context.rb:55:in `filter'
  18. ./Rules:30:in `block in load'
  19. /Users/zhuangjianguo/.rvm/gems/ruby-2.0.0-p247/gems/nanoc-3.6.7/lib/nanoc/base/compilation/rule.rb:68:in `instance_eval'
  20. /Users/zhuangjianguo/.rvm/gems/ruby-2.0.0-p247/gems/nanoc-3.6.7/lib/nanoc/base/compilation/rule.rb:68:in `apply_to'
  21. /Users/zhuangjianguo/.rvm/gems/ruby-2.0.0-p247/gems/nanoc-3.6.7/lib/nanoc/base/compilation/compiler.rb:384:in `compile_rep'
  22. /Users/zhuangjianguo/.rvm/gems/ruby-2.0.0-p247/gems/nanoc-3.6.7/lib/nanoc/base/compilation/compiler.rb:340:in `block in compile_reps'
  23. /Users/zhuangjianguo/.rvm/gems/ruby-2.0.0-p247/gems/nanoc-3.6.7/lib/nanoc/base/compilation/compiler.rb:333:in `loop'
  24. /Users/zhuangjianguo/.rvm/gems/ruby-2.0.0-p247/gems/nanoc-3.6.7/lib/nanoc/base/compilation/compiler.rb:333:in `compile_reps'
  25. /Users/zhuangjianguo/.rvm/gems/ruby-2.0.0-p247/gems/nanoc-3.6.7/lib/nanoc/base/compilation/compiler.rb:89:in `run'
  26. /Users/zhuangjianguo/.rvm/gems/ruby-2.0.0-p247/gems/nanoc-3.6.7/lib/nanoc/base/source_data/site.rb:58:in `compile'
  27. /Users/zhuangjianguo/.rvm/gems/ruby-2.0.0-p247/gems/nanoc-3.6.7/lib/nanoc/cli/commands/compile.rb:395:in `block in run'
  28. /Users/zhuangjianguo/.rvm/gems/ruby-2.0.0-p247/gems/nanoc-3.6.7/lib/nanoc/cli/commands/compile.rb:436:in `run_listeners_while'
  29. /Users/zhuangjianguo/.rvm/gems/ruby-2.0.0-p247/gems/nanoc-3.6.7/lib/nanoc/cli/commands/compile.rb:394:in `run'
  30. /Users/zhuangjianguo/.rvm/gems/ruby-2.0.0-p247/gems/nanoc-3.6.7/lib/nanoc/cli/command_runner.rb:14:in `block in call'
  31. /Users/zhuangjianguo/.rvm/gems/ruby-2.0.0-p247/gems/nanoc-3.6.7/lib/nanoc/cli/error_handler.rb:70:in `handle_while'
  32. /Users/zhuangjianguo/.rvm/gems/ruby-2.0.0-p247/gems/nanoc-3.6.7/lib/nanoc/cli/error_handler.rb:26:in `handle_while'
  33. /Users/zhuangjianguo/.rvm/gems/ruby-2.0.0-p247/gems/nanoc-3.6.7/lib/nanoc/cli/command_runner.rb:13:in `call'
  34. /Users/zhuangjianguo/.rvm/gems/ruby-2.0.0-p247/gems/cri-2.3.0/lib/cri/command_dsl.rb:185:in `block in runner'
  35. /Users/zhuangjianguo/.rvm/gems/ruby-2.0.0-p247/gems/cri-2.3.0/lib/cri/command.rb:296:in `call'
  36. /Users/zhuangjianguo/.rvm/gems/ruby-2.0.0-p247/gems/cri-2.3.0/lib/cri/command.rb:296:in `run_this'
  37. /Users/zhuangjianguo/.rvm/gems/ruby-2.0.0-p247/gems/cri-2.3.0/lib/cri/command.rb:249:in `run'
  38. /Users/zhuangjianguo/.rvm/gems/ruby-2.0.0-p247/gems/nanoc-3.6.7/lib/nanoc/cli/commands/nanoc.rb:39:in `block in define'
  39. /Users/zhuangjianguo/.rvm/gems/ruby-2.0.0-p247/gems/cri-2.3.0/lib/cri/command.rb:296:in `call'
  40. /Users/zhuangjianguo/.rvm/gems/ruby-2.0.0-p247/gems/cri-2.3.0/lib/cri/command.rb:296:in `run_this'
  41. /Users/zhuangjianguo/.rvm/gems/ruby-2.0.0-p247/gems/cri-2.3.0/lib/cri/command.rb:249:in `run'
  42. /Users/zhuangjianguo/.rvm/gems/ruby-2.0.0-p247/gems/nanoc-3.6.7/lib/nanoc/cli.rb:59:in `block in run'
  43. /Users/zhuangjianguo/.rvm/gems/ruby-2.0.0-p247/gems/nanoc-3.6.7/lib/nanoc/cli/error_handler.rb:70:in `handle_while'
  44. /Users/zhuangjianguo/.rvm/gems/ruby-2.0.0-p247/gems/nanoc-3.6.7/lib/nanoc/cli/error_handler.rb:26:in `handle_while'
  45. /Users/zhuangjianguo/.rvm/gems/ruby-2.0.0-p247/gems/nanoc-3.6.7/lib/nanoc/cli.rb:57:in `run'
  46. /Users/zhuangjianguo/.rvm/gems/ruby-2.0.0-p247/gems/nanoc-3.6.7/bin/nanoc:19:in `<top (required)>'
  47. /Users/zhuangjianguo/.rvm/gems/ruby-2.0.0-p247/bin/nanoc:23:in `load'
  ... 50 more lines omitted. See full crash log for details.

===== VERSION INFORMATION:

nanoc 3.6.7 © 2007-2013 Denis Defreyne.
Running ruby 2.0.0 (2013-06-27) on x86_64-darwin12.5.0 with RubyGems 2.0.3.

===== SYSTEM INFORMATION:

Darwin JackAir2013.local 13.0.0 Darwin Kernel Version 13.0.0: Thu Sep 19 22:22:27 PDT 2013; root:xnu-2422.1.72~6/RELEASE_X86_64 x86_64

===== INSTALLED GEMS:

  adsf 1.1.1
  bundler 1.3.5
  chunky_png 1.2.8
  colored 1.2
  compass 0.12.2
  cri 2.3.0
  fssm 0.2.10
  mime-types 1.23
  nanoc 3.6.3
  rack 1.5.2
  sass 3.2.9

===== ENVIRONMENT:

Apple_PubSub_Socket_Render => "/tmp/launch-QKPWOY/Render"
BUNDLE_BIN_PATH => "/Users/zhuangjianguo/.rvm/gems/ruby-2.0.0-p247/gems/bundler-1.3.5/bin/bundle"
BUNDLE_GEMFILE => "/Users/zhuangjianguo/Github/steedos-sites/api/Gemfile"
GEM_HOME => "/Users/zhuangjianguo/.rvm/gems/ruby-2.0.0-p247"
GEM_PATH => "/Users/zhuangjianguo/.rvm/gems/ruby-2.0.0-p247:/Users/zhuangjianguo/.rvm/gems/ruby-2.0.0-p247@global"
HOME => "/Users/zhuangjianguo"
IRBRC => "/Users/zhuangjianguo/.rvm/rubies/ruby-2.0.0-p247/.irbrc"
LC_CTYPE => "UTF-8"
LOGNAME => "zhuangjianguo"
MY_RUBY_HOME => "/Users/zhuangjianguo/.rvm/rubies/ruby-2.0.0-p247"
PATH => "/Users/zhuangjianguo/.rvm/gems/ruby-2.0.0-p247/bin:/Users/zhuangjianguo/.rvm/gems/ruby-2.0.0-p247@global/bin:/Users/zhuangjianguo/.rvm/rubies/ruby-2.0.0-p247/bin:/Users/zhuangjianguo/.rvm/bin:/usr/bin:/bin:/usr/sbin:/sbin:/usr/local/bin"
PWD => "/Users/zhuangjianguo/github/steedos-sites/api"
RUBYOPT => "-I/Users/zhuangjianguo/.rvm/gems/ruby-2.0.0-p247/gems/bundler-1.3.5/lib -rbundler/setup"
RUBY_VERSION => "ruby-2.0.0-p247"
SECURITYSESSIONID => "186a4"
SHELL => "/bin/bash"
SHLVL => "1"
SSH_AUTH_SOCK => "/tmp/launch-XqmBOz/Listeners"
TERM => "xterm-256color"
TERM_PROGRAM => "Apple_Terminal"
TERM_PROGRAM_VERSION => "326"
TERM_SESSION_ID => "BAC37EE3-C688-409B-B278-2729B7AF0B85"
TMPDIR => "/var/folders/0n/wmwwmx4s7pb7kvhpf_xk5yvc0000gp/T/"
USER => "zhuangjianguo"
_ => "/Users/zhuangjianguo/.rvm/gems/ruby-2.0.0-p247/bin/nanoc"
_ORIGINAL_GEM_PATH => "/Users/zhuangjianguo/.rvm/gems/ruby-2.0.0-p247:/Users/zhuangjianguo/.rvm/gems/ruby-2.0.0-p247@global"
__CF_USER_TEXT_ENCODING => "0x1F6:0:0"
__CHECKFIX1436934 => "1"
_system_arch => "x86_64"
_system_name => "OSX"
_system_type => "Darwin"
_system_version => "10.9"
rvm_bin_path => "/Users/zhuangjianguo/.rvm/bin"
rvm_env_string => "ruby-2.0.0-p247"
rvm_path => "/Users/zhuangjianguo/.rvm"
rvm_prefix => "/Users/zhuangjianguo"
rvm_ruby_string => "ruby-2.0.0-p247"
rvm_version => "1.22.19 (stable)"

===== GEMFILE.LOCK:

GEM
  remote: https://rubygems.org/
  specs:
    adsf (1.1.1)
      rack (>= 1.0.0)
    chunky_png (1.2.8)
    colored (1.2)
    compass (0.12.2)
      chunky_png (~> 1.2)
      fssm (>= 0.2.7)
      sass (~> 3.1)
    cri (2.3.0)
      colored (>= 1.2)
    fssm (0.2.10)
    mime-types (1.23)
    nanoc (3.6.3)
      cri (~> 2.3)
    rack (1.5.2)
    sass (3.2.9)

PLATFORMS
  ruby

DEPENDENCIES
  adsf
  compass
  fssm
  mime-types
  nanoc

===== LOAD PATHS:

  0. /Users/zhuangjianguo/.rvm/gems/ruby-2.0.0-p247/gems/nanoc-3.6.7/lib
  1. /Users/zhuangjianguo/.rvm/gems/ruby-2.0.0-p247/gems/mime-types-1.23/lib
  2. /Users/zhuangjianguo/.rvm/gems/ruby-2.0.0-p247/gems/cri-2.3.0/lib
  3. /Users/zhuangjianguo/.rvm/gems/ruby-2.0.0-p247/gems/compass-0.12.2/lib
  4. /Users/zhuangjianguo/.rvm/gems/ruby-2.0.0-p247/gems/sass-3.2.9/lib
  5. /Users/zhuangjianguo/.rvm/gems/ruby-2.0.0-p247/gems/fssm-0.2.10/lib
  6. /Users/zhuangjianguo/.rvm/gems/ruby-2.0.0-p247/gems/colored-1.2/lib
  7. /Users/zhuangjianguo/.rvm/gems/ruby-2.0.0-p247/gems/chunky_png-1.2.8/lib
  8. /Users/zhuangjianguo/.rvm/gems/ruby-2.0.0-p247/gems/adsf-1.1.1/lib
  9. /Users/zhuangjianguo/.rvm/gems/ruby-2.0.0-p247/gems/rack-1.5.2/lib
  10. /Users/zhuangjianguo/.rvm/gems/ruby-2.0.0-p247/gems/bundler-1.3.5/lib
  11. /Users/zhuangjianguo/.rvm/rubies/ruby-2.0.0-p247/lib/ruby/site_ruby/2.0.0
  12. /Users/zhuangjianguo/.rvm/rubies/ruby-2.0.0-p247/lib/ruby/site_ruby/2.0.0/x86_64-darwin12.5.0
  13. /Users/zhuangjianguo/.rvm/rubies/ruby-2.0.0-p247/lib/ruby/site_ruby
  14. /Users/zhuangjianguo/.rvm/rubies/ruby-2.0.0-p247/lib/ruby/vendor_ruby/2.0.0
  15. /Users/zhuangjianguo/.rvm/rubies/ruby-2.0.0-p247/lib/ruby/vendor_ruby/2.0.0/x86_64-darwin12.5.0
  16. /Users/zhuangjianguo/.rvm/rubies/ruby-2.0.0-p247/lib/ruby/vendor_ruby
  17. /Users/zhuangjianguo/.rvm/rubies/ruby-2.0.0-p247/lib/ruby/2.0.0
  18. /Users/zhuangjianguo/.rvm/rubies/ruby-2.0.0-p247/lib/ruby/2.0.0/x86_64-darwin12.5.0
